<?xml version="1.0" encoding="UTF-8"?>
<!-- Generated by org.testng.reporters.JUnitReportReporter -->
<testsuite hostname="PCIN465887" failures="0" tests="1" name="ExtentReport.extentReport" time="0.136" errors="0" timestamp="2021-01-15T11:24:46 IST" skipped="0">
  <testcase classname="ExtentReport.extentReport" name="passTest" time="0.136"/>
  <system-out/>
</testsuite> <!-- ExtentReport.extentReport -->
